{"timestamp":"2026-04-24 00:27:34.3896","level":"WARN","logger":"Microsoft.AspNetCore.HttpsPolicy.HttpsRedirectionMiddleware","message":"Failed to determine the https port for redirect.","eventId":"0","url":"http://localhost/api/categories","action":"Get","callsite":"Microsoft.AspNetCore.HttpsPolicy.HttpsRedirectionMiddleware.TryGetHttpsPort","EventId":3,"EventName":"FailedToDeterminePort"}
{"timestamp":"2026-04-24 00:27:36.1817","level":"INFO","logger":"Services.RedisCacheService","message":"Cache MISS for key: categories:all","eventId":"0","url":"http://localhost/api/categories","action":"Get","callsite":"Services.RedisCacheService.GetAsync","Key":"categories:all"}
{"timestamp":"2026-04-24 00:27:36.1817","level":"INFO","logger":"Services.CategoryService","message":"Cache miss - fetching categories from database","eventId":"0","url":"http://localhost/api/categories","action":"Get","callsite":"Services.CategoryService.GetCategories"}
{"timestamp":"2026-04-24 00:27:36.4353","level":"INFO","logger":"Services.RedisCacheService","message":"Cached data for key: categories:all with TTL: 3600 seconds","eventId":"0","url":"http://localhost/api/categories","action":"Get","callsite":"Services.RedisCacheService.SetAsync","Key":"categories:all","TTL":3600.0}
{"timestamp":"2026-04-24 00:27:36.4353","level":"INFO","logger":"Services.CategoryService","message":"Cached 11 categories with TTL of 3600 seconds","eventId":"0","url":"http://localhost/api/categories","action":"Get","callsite":"Services.CategoryService.GetCategories","Count":11,"TTL":3600.0}
{"timestamp":"2026-04-24 00:27:57.8446","level":"INFO","logger":"Services.RedisCacheService","message":"Cache HIT for key: categories:all","eventId":"0","url":"http://localhost/api/categories","action":"Get","callsite":"Services.RedisCacheService.GetAsync","Key":"categories:all"}
{"timestamp":"2026-04-24 00:27:57.8510","level":"INFO","logger":"Services.CategoryService","message":"Returning 11 categories from cache","eventId":"0","url":"http://localhost/api/categories","action":"Get","callsite":"Services.CategoryService.GetCategories","Count":11}
{"timestamp":"2026-04-24 00:28:23.8727","level":"INFO","logger":"Services.RedisCacheService","message":"Cache HIT for key: categories:all","eventId":"0","url":"http://localhost/api/categories","action":"Get","callsite":"Services.RedisCacheService.GetAsync","Key":"categories:all"}
{"timestamp":"2026-04-24 00:28:23.8727","level":"INFO","logger":"Services.CategoryService","message":"Returning 11 categories from cache","eventId":"0","url":"http://localhost/api/categories","action":"Get","callsite":"Services.CategoryService.GetCategories","Count":11}
{"timestamp":"2026-04-24 00:29:08.9289","level":"INFO","logger":"Services.RedisCacheService","message":"Cache HIT for key: categories:all","eventId":"0","url":"http://localhost/api/categories","action":"Get","callsite":"Services.RedisCacheService.GetAsync","Key":"categories:all"}
{"timestamp":"2026-04-24 00:29:08.9289","level":"INFO","logger":"Services.CategoryService","message":"Returning 11 categories from cache","eventId":"0","url":"http://localhost/api/categories","action":"Get","callsite":"Services.CategoryService.GetCategories","Count":11}
{"timestamp":"2026-04-24 01:18:18.1812","level":"WARN","logger":"Microsoft.AspNetCore.HttpsPolicy.HttpsRedirectionMiddleware","message":"Failed to determine the https port for redirect.","eventId":"0","url":"http://localhost/","callsite":"Microsoft.AspNetCore.HttpsPolicy.HttpsRedirectionMiddleware.TryGetHttpsPort","EventId":3,"EventName":"FailedToDeterminePort"}
{"timestamp":"2026-04-24 01:19:21.4139","level":"INFO","logger":"Services.RedisCacheService","message":"Cache HIT for key: categories:all","eventId":"0","url":"http://localhost/api/categories","action":"Get","callsite":"Services.RedisCacheService.GetAsync","Key":"categories:all"}
{"timestamp":"2026-04-24 01:19:21.4322","level":"INFO","logger":"Services.CategoryService","message":"Returning 11 categories from cache","eventId":"0","url":"http://localhost/api/categories","action":"Get","callsite":"Services.CategoryService.GetCategories","Count":11}
{"timestamp":"2026-04-24 01:19:50.1867","level":"INFO","logger":"Services.RedisCacheService","message":"Cache HIT for key: categories:all","eventId":"0","url":"http://localhost/api/Categories","action":"Get","callsite":"Services.RedisCacheService.GetAsync","Key":"categories:all"}
{"timestamp":"2026-04-24 01:19:50.1881","level":"INFO","logger":"Services.CategoryService","message":"Returning 11 categories from cache","eventId":"0","url":"http://localhost/api/Categories","action":"Get","callsite":"Services.CategoryService.GetCategories","Count":11}
{"timestamp":"2026-04-24 01:20:03.9026","level":"INFO","logger":"Services.RedisCacheService","message":"Cache HIT for key: categories:all","eventId":"0","url":"http://localhost/api/Categories","action":"Get","callsite":"Services.RedisCacheService.GetAsync","Key":"categories:all"}
{"timestamp":"2026-04-24 01:20:03.9026","level":"INFO","logger":"Services.CategoryService","message":"Returning 11 categories from cache","eventId":"0","url":"http://localhost/api/Categories","action":"Get","callsite":"Services.CategoryService.GetCategories","Count":11}
{"timestamp":"2026-04-24 01:20:28.4909","level":"INFO","logger":"Services.RedisCacheService","message":"Cache HIT for key: categories:all","eventId":"0","url":"http://localhost/api/Categories","action":"Get","callsite":"Services.RedisCacheService.GetAsync","Key":"categories:all"}
{"timestamp":"2026-04-24 01:20:28.4909","level":"INFO","logger":"Services.CategoryService","message":"Returning 11 categories from cache","eventId":"0","url":"http://localhost/api/Categories","action":"Get","callsite":"Services.CategoryService.GetCategories","Count":11}
{"timestamp":"2026-04-24 01:23:04.6986","level":"INFO","logger":"Services.RedisCacheService","message":"Cache MISS for key: categories:all","eventId":"0","url":"http://localhost/api/categories","action":"Get","callsite":"Services.RedisCacheService.GetAsync","Key":"categories:all"}
{"timestamp":"2026-04-24 01:23:04.6986","level":"INFO","logger":"Services.CategoryService","message":"Cache miss - fetching categories from database","eventId":"0","url":"http://localhost/api/categories","action":"Get","callsite":"Services.CategoryService.GetCategories"}
{"timestamp":"2026-04-24 01:23:04.9612","level":"INFO","logger":"Services.RedisCacheService","message":"Cached data for key: categories:all with TTL: 3600 seconds","eventId":"0","url":"http://localhost/api/categories","action":"Get","callsite":"Services.RedisCacheService.SetAsync","Key":"categories:all","TTL":3600.0}
{"timestamp":"2026-04-24 01:23:04.9612","level":"INFO","logger":"Services.CategoryService","message":"Cached 11 categories with TTL of 3600 seconds","eventId":"0","url":"http://localhost/api/categories","action":"Get","callsite":"Services.CategoryService.GetCategories","Count":11,"TTL":3600.0}
{"timestamp":"2026-04-24 01:23:05.0212","level":"INFO","logger":"Services.RedisCacheService","message":"Cache HIT for key: categories:all","eventId":"0","url":"http://localhost/api/categories","action":"Get","callsite":"Services.RedisCacheService.GetAsync","Key":"categories:all"}
{"timestamp":"2026-04-24 01:23:05.0212","level":"INFO","logger":"Services.CategoryService","message":"Returning 11 categories from cache","eventId":"0","url":"http://localhost/api/categories","action":"Get","callsite":"Services.CategoryService.GetCategories","Count":11}
{"timestamp":"2026-04-24 01:24:08.8690","level":"INFO","logger":"Services.RedisCacheService","message":"Cache HIT for key: categories:all","eventId":"0","url":"http://localhost/api/Categories","action":"Get","callsite":"Services.RedisCacheService.GetAsync","Key":"categories:all"}
{"timestamp":"2026-04-24 01:24:08.8690","level":"INFO","logger":"Services.CategoryService","message":"Returning 11 categories from cache","eventId":"0","url":"http://localhost/api/Categories","action":"Get","callsite":"Services.CategoryService.GetCategories","Count":11}
{"timestamp":"2026-04-24 01:24:51.1651","level":"INFO","logger":"Services.RedisCacheService","message":"Cache HIT for key: categories:all","eventId":"0","url":"http://localhost/api/Categories","action":"Get","callsite":"Services.RedisCacheService.GetAsync","Key":"categories:all"}
{"timestamp":"2026-04-24 01:24:51.1651","level":"INFO","logger":"Services.CategoryService","message":"Returning 11 categories from cache","eventId":"0","url":"http://localhost/api/Categories","action":"Get","callsite":"Services.CategoryService.GetCategories","Count":11}
{"timestamp":"2026-04-24 01:25:07.8624","level":"INFO","logger":"Services.RedisCacheService","message":"Cache HIT for key: categories:all","eventId":"0","url":"http://localhost/api/Categories","action":"Get","callsite":"Services.RedisCacheService.GetAsync","Key":"categories:all"}
{"timestamp":"2026-04-24 01:25:07.8624","level":"INFO","logger":"Services.CategoryService","message":"Returning 11 categories from cache","eventId":"0","url":"http://localhost/api/Categories","action":"Get","callsite":"Services.CategoryService.GetCategories","Count":11}
{"timestamp":"2026-04-24 01:25:18.2815","level":"INFO","logger":"Services.RedisCacheService","message":"Cache HIT for key: categories:all","eventId":"0","url":"http://localhost/api/Categories","action":"Get","callsite":"Services.RedisCacheService.GetAsync","Key":"categories:all"}
{"timestamp":"2026-04-24 01:25:18.2815","level":"INFO","logger":"Services.CategoryService","message":"Returning 11 categories from cache","eventId":"0","url":"http://localhost/api/Categories","action":"Get","callsite":"Services.CategoryService.GetCategories","Count":11}
{"timestamp":"2026-04-24 01:27:14.4754","level":"INFO","logger":"Services.RedisCacheService","message":"Cache HIT for key: categories:all","eventId":"0","url":"http://localhost/api/Categories","action":"Get","callsite":"Services.RedisCacheService.GetAsync","Key":"categories:all"}
{"timestamp":"2026-04-24 01:27:14.4754","level":"INFO","logger":"Services.CategoryService","message":"Returning 11 categories from cache","eventId":"0","url":"http://localhost/api/Categories","action":"Get","callsite":"Services.CategoryService.GetCategories","Count":11}
{"timestamp":"2026-04-24 01:27:42.8159","level":"INFO","logger":"Services.RedisCacheService","message":"Cache HIT for key: categories:all","eventId":"0","url":"http://localhost/api/Categories","action":"Get","callsite":"Services.RedisCacheService.GetAsync","Key":"categories:all"}
{"timestamp":"2026-04-24 01:27:42.8168","level":"INFO","logger":"Services.CategoryService","message":"Returning 11 categories from cache","eventId":"0","url":"http://localhost/api/Categories","action":"Get","callsite":"Services.CategoryService.GetCategories","Count":11}
{"timestamp":"2026-04-24 01:27:46.6489","level":"INFO","logger":"Services.RedisCacheService","message":"Cache HIT for key: categories:all","eventId":"0","url":"http://localhost/api/Categories","action":"Get","callsite":"Services.RedisCacheService.GetAsync","Key":"categories:all"}
{"timestamp":"2026-04-24 01:27:46.6489","level":"INFO","logger":"Services.CategoryService","message":"Returning 11 categories from cache","eventId":"0","url":"http://localhost/api/Categories","action":"Get","callsite":"Services.CategoryService.GetCategories","Count":11}
{"timestamp":"2026-04-24 01:27:49.8024","level":"INFO","logger":"Services.RedisCacheService","message":"Cache HIT for key: categories:all","eventId":"0","url":"http://localhost/api/Categories","action":"Get","callsite":"Services.RedisCacheService.GetAsync","Key":"categories:all"}
{"timestamp":"2026-04-24 01:27:49.8024","level":"INFO","logger":"Services.CategoryService","message":"Returning 11 categories from cache","eventId":"0","url":"http://localhost/api/Categories","action":"Get","callsite":"Services.CategoryService.GetCategories","Count":11}
{"timestamp":"2026-04-24 01:31:04.9762","level":"INFO","logger":"Services.RedisCacheService","message":"Cache HIT for key: categories:all","eventId":"0","url":"http://localhost/api/categories","action":"Get","callsite":"Services.RedisCacheService.GetAsync","Key":"categories:all"}
{"timestamp":"2026-04-24 01:31:04.9762","level":"INFO","logger":"Services.CategoryService","message":"Returning 11 categories from cache","eventId":"0","url":"http://localhost/api/categories","action":"Get","callsite":"Services.CategoryService.GetCategories","Count":11}
{"timestamp":"2026-04-24 01:31:12.5408","level":"INFO","logger":"Services.RedisCacheService","message":"Cache HIT for key: categories:all","eventId":"0","url":"http://localhost/api/categories","action":"Get","callsite":"Services.RedisCacheService.GetAsync","Key":"categories:all"}
{"timestamp":"2026-04-24 01:31:12.5408","level":"INFO","logger":"Services.CategoryService","message":"Returning 11 categories from cache","eventId":"0","url":"http://localhost/api/categories","action":"Get","callsite":"Services.CategoryService.GetCategories","Count":11}
{"timestamp":"2026-04-24 01:31:31.3468","level":"INFO","logger":"Services.RedisCacheService","message":"Cache HIT for key: categories:all","eventId":"0","url":"http://localhost/api/categories","action":"Get","callsite":"Services.RedisCacheService.GetAsync","Key":"categories:all"}
{"timestamp":"2026-04-24 01:31:31.3468","level":"INFO","logger":"Services.CategoryService","message":"Returning 11 categories from cache","eventId":"0","url":"http://localhost/api/categories","action":"Get","callsite":"Services.CategoryService.GetCategories","Count":11}
{"timestamp":"2026-04-24 01:31:33.9262","level":"INFO","logger":"Services.RedisCacheService","message":"Cache HIT for key: categories:all","eventId":"0","url":"http://localhost/api/categories","action":"Get","callsite":"Services.RedisCacheService.GetAsync","Key":"categories:all"}
{"timestamp":"2026-04-24 01:31:33.9262","level":"INFO","logger":"Services.CategoryService","message":"Returning 11 categories from cache","eventId":"0","url":"http://localhost/api/categories","action":"Get","callsite":"Services.CategoryService.GetCategories","Count":11}
{"timestamp":"2026-04-24 01:31:35.2351","level":"INFO","logger":"Services.RedisCacheService","message":"Cache HIT for key: categories:all","eventId":"0","url":"http://localhost/api/categories","action":"Get","callsite":"Services.RedisCacheService.GetAsync","Key":"categories:all"}
{"timestamp":"2026-04-24 01:31:35.2351","level":"INFO","logger":"Services.CategoryService","message":"Returning 11 categories from cache","eventId":"0","url":"http://localhost/api/categories","action":"Get","callsite":"Services.CategoryService.GetCategories","Count":11}
{"timestamp":"2026-04-24 01:31:36.6861","level":"INFO","logger":"Services.RedisCacheService","message":"Cache HIT for key: categories:all","eventId":"0","url":"http://localhost/api/categories","action":"Get","callsite":"Services.RedisCacheService.GetAsync","Key":"categories:all"}
{"timestamp":"2026-04-24 01:31:36.6885","level":"INFO","logger":"Services.CategoryService","message":"Returning 11 categories from cache","eventId":"0","url":"http://localhost/api/categories","action":"Get","callsite":"Services.CategoryService.GetCategories","Count":11}
{"timestamp":"2026-04-24 01:31:37.6687","level":"INFO","logger":"Services.RedisCacheService","message":"Cache HIT for key: categories:all","eventId":"0","url":"http://localhost/api/categories","action":"Get","callsite":"Services.RedisCacheService.GetAsync","Key":"categories:all"}
{"timestamp":"2026-04-24 01:31:37.6687","level":"INFO","logger":"Services.CategoryService","message":"Returning 11 categories from cache","eventId":"0","url":"http://localhost/api/categories","action":"Get","callsite":"Services.CategoryService.GetCategories","Count":11}
{"timestamp":"2026-04-24 01:31:39.3803","level":"INFO","logger":"Services.RedisCacheService","message":"Cache HIT for key: categories:all","eventId":"0","url":"http://localhost/api/categories","action":"Get","callsite":"Services.RedisCacheService.GetAsync","Key":"categories:all"}
{"timestamp":"2026-04-24 01:31:39.3803","level":"INFO","logger":"Services.CategoryService","message":"Returning 11 categories from cache","eventId":"0","url":"http://localhost/api/categories","action":"Get","callsite":"Services.CategoryService.GetCategories","Count":11}
{"timestamp":"2026-04-24 01:31:40.4609","level":"INFO","logger":"Services.RedisCacheService","message":"Cache HIT for key: categories:all","eventId":"0","url":"http://localhost/api/categories","action":"Get","callsite":"Services.RedisCacheService.GetAsync","Key":"categories:all"}
{"timestamp":"2026-04-24 01:31:40.4609","level":"INFO","logger":"Services.CategoryService","message":"Returning 11 categories from cache","eventId":"0","url":"http://localhost/api/categories","action":"Get","callsite":"Services.CategoryService.GetCategories","Count":11}
{"timestamp":"2026-04-24 01:31:41.3107","level":"INFO","logger":"Services.RedisCacheService","message":"Cache HIT for key: categories:all","eventId":"0","url":"http://localhost/api/categories","action":"Get","callsite":"Services.RedisCacheService.GetAsync","Key":"categories:all"}
{"timestamp":"2026-04-24 01:31:41.3107","level":"INFO","logger":"Services.CategoryService","message":"Returning 11 categories from cache","eventId":"0","url":"http://localhost/api/categories","action":"Get","callsite":"Services.CategoryService.GetCategories","Count":11}
{"timestamp":"2026-04-24 01:31:41.9904","level":"INFO","logger":"Services.RedisCacheService","message":"Cache HIT for key: categories:all","eventId":"0","url":"http://localhost/api/categories","action":"Get","callsite":"Services.RedisCacheService.GetAsync","Key":"categories:all"}
{"timestamp":"2026-04-24 01:31:41.9904","level":"INFO","logger":"Services.CategoryService","message":"Returning 11 categories from cache","eventId":"0","url":"http://localhost/api/categories","action":"Get","callsite":"Services.CategoryService.GetCategories","Count":11}
{"timestamp":"2026-04-24 01:31:42.7565","level":"INFO","logger":"Services.RedisCacheService","message":"Cache HIT for key: categories:all","eventId":"0","url":"http://localhost/api/categories","action":"Get","callsite":"Services.RedisCacheService.GetAsync","Key":"categories:all"}
{"timestamp":"2026-04-24 01:31:42.7565","level":"INFO","logger":"Services.CategoryService","message":"Returning 11 categories from cache","eventId":"0","url":"http://localhost/api/categories","action":"Get","callsite":"Services.CategoryService.GetCategories","Count":11}
{"timestamp":"2026-04-24 01:31:43.4657","level":"INFO","logger":"Services.RedisCacheService","message":"Cache HIT for key: categories:all","eventId":"0","url":"http://localhost/api/categories","action":"Get","callsite":"Services.RedisCacheService.GetAsync","Key":"categories:all"}
{"timestamp":"2026-04-24 01:31:43.4657","level":"INFO","logger":"Services.CategoryService","message":"Returning 11 categories from cache","eventId":"0","url":"http://localhost/api/categories","action":"Get","callsite":"Services.CategoryService.GetCategories","Count":11}
{"timestamp":"2026-04-24 01:31:44.0907","level":"INFO","logger":"Services.RedisCacheService","message":"Cache HIT for key: categories:all","eventId":"0","url":"http://localhost/api/categories","action":"Get","callsite":"Services.RedisCacheService.GetAsync","Key":"categories:all"}
{"timestamp":"2026-04-24 01:31:44.0907","level":"INFO","logger":"Services.CategoryService","message":"Returning 11 categories from cache","eventId":"0","url":"http://localhost/api/categories","action":"Get","callsite":"Services.CategoryService.GetCategories","Count":11}
{"timestamp":"2026-04-24 01:31:44.6127","level":"INFO","logger":"Services.RedisCacheService","message":"Cache HIT for key: categories:all","eventId":"0","url":"http://localhost/api/categories","action":"Get","callsite":"Services.RedisCacheService.GetAsync","Key":"categories:all"}
{"timestamp":"2026-04-24 01:31:44.6127","level":"INFO","logger":"Services.CategoryService","message":"Returning 11 categories from cache","eventId":"0","url":"http://localhost/api/categories","action":"Get","callsite":"Services.CategoryService.GetCategories","Count":11}
{"timestamp":"2026-04-24 01:31:45.1946","level":"INFO","logger":"Services.RedisCacheService","message":"Cache HIT for key: categories:all","eventId":"0","url":"http://localhost/api/categories","action":"Get","callsite":"Services.RedisCacheService.GetAsync","Key":"categories:all"}
{"timestamp":"2026-04-24 01:31:45.1946","level":"INFO","logger":"Services.CategoryService","message":"Returning 11 categories from cache","eventId":"0","url":"http://localhost/api/categories","action":"Get","callsite":"Services.CategoryService.GetCategories","Count":11}
{"timestamp":"2026-04-24 01:32:28.1854","level":"INFO","logger":"Services.RedisCacheService","message":"Cache HIT for key: categories:all","eventId":"0","url":"http://localhost/api/categories","action":"Get","callsite":"Services.RedisCacheService.GetAsync","Key":"categories:all"}
{"timestamp":"2026-04-24 01:32:28.1909","level":"INFO","logger":"Services.CategoryService","message":"Returning 11 categories from cache","eventId":"0","url":"http://localhost/api/categories","action":"Get","callsite":"Services.CategoryService.GetCategories","Count":11}
{"timestamp":"2026-04-24 01:32:32.8881","level":"INFO","logger":"Services.RedisCacheService","message":"Cache HIT for key: categories:all","eventId":"0","url":"http://localhost/api/categories","action":"Get","callsite":"Services.RedisCacheService.GetAsync","Key":"categories:all"}
{"timestamp":"2026-04-24 01:32:32.8881","level":"INFO","logger":"Services.CategoryService","message":"Returning 11 categories from cache","eventId":"0","url":"http://localhost/api/categories","action":"Get","callsite":"Services.CategoryService.GetCategories","Count":11}
{"timestamp":"2026-04-24 01:32:34.4394","level":"INFO","logger":"Services.RedisCacheService","message":"Cache HIT for key: categories:all","eventId":"0","url":"http://localhost/api/categories","action":"Get","callsite":"Services.RedisCacheService.GetAsync","Key":"categories:all"}
{"timestamp":"2026-04-24 01:32:34.4394","level":"INFO","logger":"Services.CategoryService","message":"Returning 11 categories from cache","eventId":"0","url":"http://localhost/api/categories","action":"Get","callsite":"Services.CategoryService.GetCategories","Count":11}
{"timestamp":"2026-04-24 01:32:35.7304","level":"INFO","logger":"Services.RedisCacheService","message":"Cache HIT for key: categories:all","eventId":"0","url":"http://localhost/api/categories","action":"Get","callsite":"Services.RedisCacheService.GetAsync","Key":"categories:all"}
{"timestamp":"2026-04-24 01:32:35.7304","level":"INFO","logger":"Services.CategoryService","message":"Returning 11 categories from cache","eventId":"0","url":"http://localhost/api/categories","action":"Get","callsite":"Services.CategoryService.GetCategories","Count":11}
{"timestamp":"2026-04-24 01:33:10.7995","level":"INFO","logger":"Services.RedisCacheService","message":"Cache MISS for key: categories:all","eventId":"0","url":"http://localhost/api/categories","action":"Get","callsite":"Services.RedisCacheService.GetAsync","Key":"categories:all"}
{"timestamp":"2026-04-24 01:33:10.7995","level":"INFO","logger":"Services.CategoryService","message":"Cache miss - fetching categories from database","eventId":"0","url":"http://localhost/api/categories","action":"Get","callsite":"Services.CategoryService.GetCategories"}
{"timestamp":"2026-04-24 01:33:10.7995","level":"INFO","logger":"Services.RedisCacheService","message":"Cached data for key: categories:all with TTL: 3600 seconds","eventId":"0","url":"http://localhost/api/categories","action":"Get","callsite":"Services.RedisCacheService.SetAsync","Key":"categories:all","TTL":3600.0}
{"timestamp":"2026-04-24 01:33:10.7995","level":"INFO","logger":"Services.CategoryService","message":"Cached 11 categories with TTL of 3600 seconds","eventId":"0","url":"http://localhost/api/categories","action":"Get","callsite":"Services.CategoryService.GetCategories","Count":11,"TTL":3600.0}
{"timestamp":"2026-04-24 01:34:04.0028","level":"INFO","logger":"Services.RedisCacheService","message":"Cache HIT for key: categories:all","eventId":"0","url":"http://localhost/api/categories","action":"Get","callsite":"Services.RedisCacheService.GetAsync","Key":"categories:all"}
{"timestamp":"2026-04-24 01:34:04.0028","level":"INFO","logger":"Services.CategoryService","message":"Returning 11 categories from cache","eventId":"0","url":"http://localhost/api/categories","action":"Get","callsite":"Services.CategoryService.GetCategories","Count":11}
{"timestamp":"2026-04-24 01:34:05.7821","level":"INFO","logger":"Services.RedisCacheService","message":"Cache HIT for key: categories:all","eventId":"0","url":"http://localhost/api/categories","action":"Get","callsite":"Services.RedisCacheService.GetAsync","Key":"categories:all"}
{"timestamp":"2026-04-24 01:34:05.7821","level":"INFO","logger":"Services.CategoryService","message":"Returning 11 categories from cache","eventId":"0","url":"http://localhost/api/categories","action":"Get","callsite":"Services.CategoryService.GetCategories","Count":11}
{"timestamp":"2026-04-24 01:34:06.7899","level":"INFO","logger":"Services.RedisCacheService","message":"Cache HIT for key: categories:all","eventId":"0","url":"http://localhost/api/categories","action":"Get","callsite":"Services.RedisCacheService.GetAsync","Key":"categories:all"}
{"timestamp":"2026-04-24 01:34:06.7899","level":"INFO","logger":"Services.CategoryService","message":"Returning 11 categories from cache","eventId":"0","url":"http://localhost/api/categories","action":"Get","callsite":"Services.CategoryService.GetCategories","Count":11}
{"timestamp":"2026-04-24 01:34:07.4511","level":"INFO","logger":"Services.RedisCacheService","message":"Cache HIT for key: categories:all","eventId":"0","url":"http://localhost/api/categories","action":"Get","callsite":"Services.RedisCacheService.GetAsync","Key":"categories:all"}
{"timestamp":"2026-04-24 01:34:07.4511","level":"INFO","logger":"Services.CategoryService","message":"Returning 11 categories from cache","eventId":"0","url":"http://localhost/api/categories","action":"Get","callsite":"Services.CategoryService.GetCategories","Count":11}
{"timestamp":"2026-04-24 01:34:08.1338","level":"INFO","logger":"Services.RedisCacheService","message":"Cache HIT for key: categories:all","eventId":"0","url":"http://localhost/api/categories","action":"Get","callsite":"Services.RedisCacheService.GetAsync","Key":"categories:all"}
{"timestamp":"2026-04-24 01:34:08.1338","level":"INFO","logger":"Services.CategoryService","message":"Returning 11 categories from cache","eventId":"0","url":"http://localhost/api/categories","action":"Get","callsite":"Services.CategoryService.GetCategories","Count":11}
{"timestamp":"2026-04-24 01:34:08.7149","level":"INFO","logger":"Services.RedisCacheService","message":"Cache HIT for key: categories:all","eventId":"0","url":"http://localhost/api/categories","action":"Get","callsite":"Services.RedisCacheService.GetAsync","Key":"categories:all"}
{"timestamp":"2026-04-24 01:34:08.7149","level":"INFO","logger":"Services.CategoryService","message":"Returning 11 categories from cache","eventId":"0","url":"http://localhost/api/categories","action":"Get","callsite":"Services.CategoryService.GetCategories","Count":11}
{"timestamp":"2026-04-24 01:34:09.3637","level":"INFO","logger":"Services.RedisCacheService","message":"Cache HIT for key: categories:all","eventId":"0","url":"http://localhost/api/categories","action":"Get","callsite":"Services.RedisCacheService.GetAsync","Key":"categories:all"}
{"timestamp":"2026-04-24 01:34:09.3637","level":"INFO","logger":"Services.CategoryService","message":"Returning 11 categories from cache","eventId":"0","url":"http://localhost/api/categories","action":"Get","callsite":"Services.CategoryService.GetCategories","Count":11}
{"timestamp":"2026-04-24 01:34:09.9109","level":"INFO","logger":"Services.RedisCacheService","message":"Cache HIT for key: categories:all","eventId":"0","url":"http://localhost/api/categories","action":"Get","callsite":"Services.RedisCacheService.GetAsync","Key":"categories:all"}
{"timestamp":"2026-04-24 01:34:09.9109","level":"INFO","logger":"Services.CategoryService","message":"Returning 11 categories from cache","eventId":"0","url":"http://localhost/api/categories","action":"Get","callsite":"Services.CategoryService.GetCategories","Count":11}
{"timestamp":"2026-04-24 01:34:10.4580","level":"INFO","logger":"Services.RedisCacheService","message":"Cache HIT for key: categories:all","eventId":"0","url":"http://localhost/api/categories","action":"Get","callsite":"Services.RedisCacheService.GetAsync","Key":"categories:all"}
{"timestamp":"2026-04-24 01:34:10.4580","level":"INFO","logger":"Services.CategoryService","message":"Returning 11 categories from cache","eventId":"0","url":"http://localhost/api/categories","action":"Get","callsite":"Services.CategoryService.GetCategories","Count":11}
{"timestamp":"2026-04-24 01:34:10.9734","level":"INFO","logger":"Services.RedisCacheService","message":"Cache HIT for key: categories:all","eventId":"0","url":"http://localhost/api/categories","action":"Get","callsite":"Services.RedisCacheService.GetAsync","Key":"categories:all"}
{"timestamp":"2026-04-24 01:34:10.9734","level":"INFO","logger":"Services.CategoryService","message":"Returning 11 categories from cache","eventId":"0","url":"http://localhost/api/categories","action":"Get","callsite":"Services.CategoryService.GetCategories","Count":11}
{"timestamp":"2026-04-24 01:34:12.4086","level":"INFO","logger":"Services.RedisCacheService","message":"Cache HIT for key: categories:all","eventId":"0","url":"http://localhost/api/categories","action":"Get","callsite":"Services.RedisCacheService.GetAsync","Key":"categories:all"}
{"timestamp":"2026-04-24 01:34:12.4086","level":"INFO","logger":"Services.CategoryService","message":"Returning 11 categories from cache","eventId":"0","url":"http://localhost/api/categories","action":"Get","callsite":"Services.CategoryService.GetCategories","Count":11}
{"timestamp":"2026-04-24 01:34:15.3481","level":"INFO","logger":"Services.RedisCacheService","message":"Cache HIT for key: categories:all","eventId":"0","url":"http://localhost/api/categories","action":"Get","callsite":"Services.RedisCacheService.GetAsync","Key":"categories:all"}
{"timestamp":"2026-04-24 01:34:15.3481","level":"INFO","logger":"Services.CategoryService","message":"Returning 11 categories from cache","eventId":"0","url":"http://localhost/api/categories","action":"Get","callsite":"Services.CategoryService.GetCategories","Count":11}
{"timestamp":"2026-04-24 01:34:17.4815","level":"INFO","logger":"Services.RedisCacheService","message":"Cache HIT for key: categories:all","eventId":"0","url":"http://localhost/api/categories","action":"Get","callsite":"Services.RedisCacheService.GetAsync","Key":"categories:all"}
{"timestamp":"2026-04-24 01:34:17.4815","level":"INFO","logger":"Services.CategoryService","message":"Returning 11 categories from cache","eventId":"0","url":"http://localhost/api/categories","action":"Get","callsite":"Services.CategoryService.GetCategories","Count":11}
{"timestamp":"2026-04-24 01:34:20.7751","level":"INFO","logger":"Services.RedisCacheService","message":"Cache HIT for key: categories:all","eventId":"0","url":"http://localhost/api/categories","action":"Get","callsite":"Services.RedisCacheService.GetAsync","Key":"categories:all"}
{"timestamp":"2026-04-24 01:34:20.7751","level":"INFO","logger":"Services.CategoryService","message":"Returning 11 categories from cache","eventId":"0","url":"http://localhost/api/categories","action":"Get","callsite":"Services.CategoryService.GetCategories","Count":11}
{"timestamp":"2026-04-24 01:55:11.9798","level":"WARN","logger":"Microsoft.EntityFrameworkCore.Query","message":"Compiling a query which loads related collections for more than one collection navigation, either via 'Include' or through projection, but no 'QuerySplittingBehavior' has been configured. By default, Entity Framework will use 'QuerySplittingBehavior.SingleQuery', which can potentially result in slow query performance. See https://go.microsoft.com/fwlink/?linkid=2134277 for more information. To identify the query that's triggering this warning call 'ConfigureWarnings(w => w.Throw(RelationalEventId.MultipleCollectionIncludeWarning))'.","eventId":"0","url":"http://localhost/api/models/1","action":"GetModelById","callsite":"Microsoft.EntityFrameworkCore.Diagnostics.EventDefinition.Log","EventId":20504,"EventName":"Microsoft.EntityFrameworkCore.Query.MultipleCollectionIncludeWarning"}
{"timestamp":"2026-04-24 02:06:54.7697","level":"WARN","logger":"Microsoft.AspNetCore.HttpsPolicy.HttpsRedirectionMiddleware","message":"Failed to determine the https port for redirect.","eventId":"0","url":"http://localhost/.well-known/appspecific/com.chrome.devtools.json","callsite":"Microsoft.AspNetCore.HttpsPolicy.HttpsRedirectionMiddleware.TryGetHttpsPort","EventId":3,"EventName":"FailedToDeterminePort"}
{"timestamp":"2026-04-24 02:07:35.3686","level":"INFO","logger":"Services.RedisCacheService","message":"Cache MISS for key: models:filter:BACv4zdHFGzAKprA","eventId":"0","url":"http://localhost/api/Models","action":"Get","callsite":"Services.RedisCacheService.GetAsync","Key":"models:filter:BACv4zdHFGzAKprA"}
{"timestamp":"2026-04-24 02:07:35.3686","level":"INFO","logger":"Services.ModelService","message":"Cache miss - fetching filtered models from database (key: models:filter:BACv4zdHFGzAKprA)","eventId":"0","url":"http://localhost/api/Models","action":"Get","callsite":"Services.ModelService.GetModelds","CacheKey":"models:filter:BACv4zdHFGzAKprA"}
{"timestamp":"2026-04-24 02:07:36.9756","level":"INFO","logger":"Services.RedisCacheService","message":"Cached data for key: models:filter:BACv4zdHFGzAKprA with TTL: 900 seconds","eventId":"0","url":"http://localhost/api/Models","action":"Get","callsite":"Services.RedisCacheService.SetAsync","Key":"models:filter:BACv4zdHFGzAKprA","TTL":900.0}
{"timestamp":"2026-04-24 02:07:36.9756","level":"INFO","logger":"Services.ModelService","message":"Cached filtered models with TTL of 900 seconds (key: models:filter:BACv4zdHFGzAKprA)","eventId":"0","url":"http://localhost/api/Models","action":"Get","callsite":"Services.ModelService.GetModelds","TTL":900.0,"CacheKey":"models:filter:BACv4zdHFGzAKprA"}
{"timestamp":"2026-04-24 02:08:08.0913","level":"INFO","logger":"Services.RedisCacheService","message":"Cache HIT for key: models:filter:BACv4zdHFGzAKprA","eventId":"0","url":"http://localhost/api/Models","action":"Get","callsite":"Services.RedisCacheService.GetAsync","Key":"models:filter:BACv4zdHFGzAKprA"}
{"timestamp":"2026-04-24 02:08:08.1279","level":"INFO","logger":"Services.ModelService","message":"Returning filtered models from cache (key: models:filter:BACv4zdHFGzAKprA)","eventId":"0","url":"http://localhost/api/Models","action":"Get","callsite":"Services.ModelService.GetModelds","CacheKey":"models:filter:BACv4zdHFGzAKprA"}
{"timestamp":"2026-04-24 02:08:11.0479","level":"INFO","logger":"Services.RedisCacheService","message":"Cache HIT for key: models:filter:BACv4zdHFGzAKprA","eventId":"0","url":"http://localhost/api/Models","action":"Get","callsite":"Services.RedisCacheService.GetAsync","Key":"models:filter:BACv4zdHFGzAKprA"}
{"timestamp":"2026-04-24 02:08:11.0479","level":"INFO","logger":"Services.ModelService","message":"Returning filtered models from cache (key: models:filter:BACv4zdHFGzAKprA)","eventId":"0","url":"http://localhost/api/Models","action":"Get","callsite":"Services.ModelService.GetModelds","CacheKey":"models:filter:BACv4zdHFGzAKprA"}
